Started GET "/" for ::1 at 2023-08-24 09:03:46 -0300
Processing by PagesController#home as HTML
  Rendering layout layouts/application.html.erb
  Rendering pages/home.html.erb within layouts/application
  Rendered pages/home.html.erb within layouts/application (Duration: 1.2ms | Allocations: 443)
  Rendered layout layouts/application.html.erb (Duration: 168.7ms | Allocations: 95841)
Completed 200 OK in 181ms (Views: 171.8ms | ActiveRecord: 0.0ms | Allocations: 102493)


Started GET "/" for ::1 at 2023-08-24 09:03:48 -0300
Processing by PagesController#home as HTML
  Rendering layout layouts/application.html.erb
  Rendering pages/home.html.erb within layouts/application
  Rendered pages/home.html.erb within layouts/application (Duration: 0.1ms | Allocations: 9)
  Rendered layout layouts/application.html.erb (Duration: 4.5ms | Allocations: 2490)
Completed 200 OK in 6ms (Views: 5.3ms | ActiveRecord: 0.0ms | Allocations: 2808)


Started GET "/" for ::1 at 2023-08-24 09:25:19 -0300
Processing by PagesController#home as HTML
  Rendering layout layouts/application.html.erb
  Rendering pages/home.html.erb within layouts/application
  Rendered pages/home.html.erb within layouts/application (Duration: 0.5ms | Allocations: 128)
  Rendered layout layouts/application.html.erb (Duration: 37.4ms | Allocations: 7659)
Completed 500 Internal Server Error in 42ms (ActiveRecord: 0.0ms | Allocations: 8575)


  
LoadError (cannot load such file -- sassc):
  
app/views/layouts/application.html.erb:9
Started GET "/" for ::1 at 2023-08-24 09:25:32 -0300
Processing by PagesController#home as HTML
  Rendering layout layouts/application.html.erb
  Rendering pages/home.html.erb within layouts/application
  Rendered pages/home.html.erb within layouts/application (Duration: 0.3ms | Allocations: 335)
  Rendered layout layouts/application.html.erb (Duration: 27.2ms | Allocations: 41676)
Completed 200 OK in 32ms (Views: 28.4ms | ActiveRecord: 0.0ms | Allocations: 45808)


Started GET "/" for ::1 at 2023-08-24 09:25:57 -0300
Processing by PagesController#home as HTML
  Rendering layout layouts/application.html.erb
  Rendering pages/home.html.erb within layouts/application
  Rendered pages/home.html.erb within layouts/application (Duration: 0.1ms | Allocations: 9)
  Rendered layout layouts/application.html.erb (Duration: 16.5ms | Allocations: 4168)
Completed 200 OK in 18ms (Views: 17.1ms | ActiveRecord: 0.0ms | Allocations: 4486)


Started GET "/" for ::1 at 2023-08-24 09:27:35 -0300
Processing by PagesController#home as HTML
  Rendering layout layouts/application.html.erb
  Rendering pages/home.html.erb within layouts/application
  Rendered pages/home.html.erb within layouts/application (Duration: 0.0ms | Allocations: 7)
  Rendered layout layouts/application.html.erb (Duration: 18.0ms | Allocations: 3931)
Completed 200 OK in 19ms (Views: 18.7ms | ActiveRecord: 0.0ms | Allocations: 4193)


Started GET "/" for ::1 at 2023-08-24 09:27:35 -0300
Processing by PagesController#home as HTML
  Rendering layout layouts/application.html.erb
  Rendering pages/home.html.erb within layouts/application
  Rendered pages/home.html.erb within layouts/application (Duration: 0.1ms | Allocations: 7)
  Rendered layout layouts/application.html.erb (Duration: 7.8ms | Allocations: 2342)
Completed 200 OK in 9ms (Views: 8.7ms | ActiveRecord: 0.0ms | Allocations: 2604)


Started GET "/" for ::1 at 2023-08-24 09:27:35 -0300
Processing by PagesController#home as HTML
  Rendering layout layouts/application.html.erb
  Rendering pages/home.html.erb within layouts/application
  Rendered pages/home.html.erb within layouts/application (Duration: 0.1ms | Allocations: 7)
  Rendered layout layouts/application.html.erb (Duration: 5.0ms | Allocations: 2339)
Completed 200 OK in 6ms (Views: 5.6ms | ActiveRecord: 0.0ms | Allocations: 2598)


Started GET "/" for ::1 at 2023-08-24 09:27:36 -0300
Processing by PagesController#home as HTML
  Rendering layout layouts/application.html.erb
  Rendering pages/home.html.erb within layouts/application
  Rendered pages/home.html.erb within layouts/application (Duration: 0.0ms | Allocations: 7)
  Rendered layout layouts/application.html.erb (Duration: 1.8ms | Allocations: 2363)
Completed 200 OK in 2ms (Views: 2.0ms | ActiveRecord: 0.0ms | Allocations: 2624)


Started GET "/" for ::1 at 2023-08-24 09:27:36 -0300
Processing by PagesController#home as HTML
  Rendering layout layouts/application.html.erb
  Rendering pages/home.html.erb within layouts/application
  Rendered pages/home.html.erb within layouts/application (Duration: 0.0ms | Allocations: 7)
  Rendered layout layouts/application.html.erb (Duration: 3.9ms | Allocations: 2381)
Completed 200 OK in 5ms (Views: 4.4ms | ActiveRecord: 0.0ms | Allocations: 2640)


Started GET "/" for ::1 at 2023-08-24 09:27:36 -0300
Processing by PagesController#home as HTML
  Rendering layout layouts/application.html.erb
  Rendering pages/home.html.erb within layouts/application
  Rendered pages/home.html.erb within layouts/application (Duration: 0.0ms | Allocations: 7)
  Rendered layout layouts/application.html.erb (Duration: 4.9ms | Allocations: 2362)
Completed 200 OK in 6ms (Views: 5.6ms | ActiveRecord: 0.0ms | Allocations: 2623)


Started GET "/" for ::1 at 2023-08-24 09:27:36 -0300
Processing by PagesController#home as HTML
  Rendering layout layouts/application.html.erb
  Rendering pages/home.html.erb within layouts/application
  Rendered pages/home.html.erb within layouts/application (Duration: 0.0ms | Allocations: 7)
  Rendered layout layouts/application.html.erb (Duration: 4.7ms | Allocations: 2348)
Completed 200 OK in 6ms (Views: 5.2ms | ActiveRecord: 0.0ms | Allocations: 2607)


Started GET "/" for ::1 at 2023-08-24 09:27:36 -0300
Processing by PagesController#home as HTML
  Rendering layout layouts/application.html.erb
  Rendering pages/home.html.erb within layouts/application
  Rendered pages/home.html.erb within layouts/application (Duration: 0.0ms | Allocations: 7)
  Rendered layout layouts/application.html.erb (Duration: 4.9ms | Allocations: 2345)
Completed 200 OK in 6ms (Views: 5.8ms | ActiveRecord: 0.0ms | Allocations: 2604)


Started GET "/" for ::1 at 2023-08-24 09:27:37 -0300
Processing by PagesController#home as HTML
  Rendering layout layouts/application.html.erb
  Rendering pages/home.html.erb within layouts/application
  Rendered pages/home.html.erb within layouts/application (Duration: 0.0ms | Allocations: 7)
  Rendered layout layouts/application.html.erb (Duration: 6.7ms | Allocations: 2359)
Completed 200 OK in 8ms (Views: 7.7ms | ActiveRecord: 0.0ms | Allocations: 2618)


Started GET "/" for ::1 at 2023-08-24 09:27:37 -0300
Processing by PagesController#home as HTML
  Rendering layout layouts/application.html.erb
  Rendering pages/home.html.erb within layouts/application
  Rendered pages/home.html.erb within layouts/application (Duration: 0.0ms | Allocations: 7)
  Rendered layout layouts/application.html.erb (Duration: 3.5ms | Allocations: 2333)
Completed 200 OK in 5ms (Views: 4.2ms | ActiveRecord: 0.0ms | Allocations: 2592)


Started GET "/" for ::1 at 2023-08-24 09:30:40 -0300
Processing by PagesController#home as HTML
  Rendering layout layouts/application.html.erb
  Rendering pages/home.html.erb within layouts/application
  Rendered pages/home.html.erb within layouts/application (Duration: 0.8ms | Allocations: 130)
  Rendered layout layouts/application.html.erb (Duration: 7.2ms | Allocations: 3020)
Completed 200 OK in 10ms (Views: 9.1ms | ActiveRecord: 0.0ms | Allocations: 3954)


Started GET "/" for ::1 at 2023-08-24 09:30:56 -0300
Processing by PagesController#home as HTML
  Rendering layout layouts/application.html.erb
  Rendering pages/home.html.erb within layouts/application
  Rendered pages/home.html.erb within layouts/application (Duration: 0.0ms | Allocations: 7)
  Rendered layout layouts/application.html.erb (Duration: 16.2ms | Allocations: 4303)
Completed 200 OK in 17ms (Views: 16.6ms | ActiveRecord: 0.0ms | Allocations: 4580)


Started GET "/" for ::1 at 2023-08-24 09:31:11 -0300
Processing by PagesController#home as HTML
  Rendering layout layouts/application.html.erb
  Rendering pages/home.html.erb within layouts/application
  Rendered pages/home.html.erb within layouts/application (Duration: 0.1ms | Allocations: 7)
  Rendered layout layouts/application.html.erb (Duration: 6.5ms | Allocations: 2396)
Completed 200 OK in 9ms (Views: 7.5ms | ActiveRecord: 0.0ms | Allocations: 2655)


Started GET "/" for ::1 at 2023-08-24 09:33:25 -0300
Processing by PagesController#home as HTML
  Rendering layout layouts/application.html.erb
  Rendering pages/home.html.erb within layouts/application
  Rendered pages/home.html.erb within layouts/application (Duration: 0.0ms | Allocations: 7)
  Rendered layout layouts/application.html.erb (Duration: 17.9ms | Allocations: 4087)
Completed 200 OK in 19ms (Views: 18.4ms | ActiveRecord: 0.0ms | Allocations: 4346)


Started GET "/" for ::1 at 2023-08-24 09:33:58 -0300
Processing by PagesController#home as HTML
  Rendering layout layouts/application.html.erb
  Rendering pages/home.html.erb within layouts/application
  Rendered pages/home.html.erb within layouts/application (Duration: 0.0ms | Allocations: 7)
  Rendered layout layouts/application.html.erb (Duration: 5.9ms | Allocations: 2426)
Completed 200 OK in 7ms (Views: 6.4ms | ActiveRecord: 0.0ms | Allocations: 2685)


Started GET "/" for ::1 at 2023-08-24 09:49:07 -0300
Processing by PagesController#home as HTML
  Rendering layout layouts/application.html.erb
  Rendering pages/home.html.erb within layouts/application
  Rendered pages/home.html.erb within layouts/application (Duration: 0.4ms | Allocations: 336)
  Rendered layout layouts/application.html.erb (Duration: 3031.6ms | Allocations: 139382)
Completed 200 OK in 3037ms (Views: 3032.9ms | ActiveRecord: 0.0ms | Allocations: 143513)


Started GET "/" for ::1 at 2023-08-24 09:49:49 -0300
Processing by PagesController#home as HTML
  Rendering layout layouts/application.html.erb
  Rendering pages/home.html.erb within layouts/application
  Rendered pages/home.html.erb within layouts/application (Duration: 0.8ms | Allocations: 140)
  Rendered layout layouts/application.html.erb (Duration: 18.2ms | Allocations: 6414)
Completed 200 OK in 37ms (Views: 35.4ms | ActiveRecord: 0.0ms | Allocations: 7376)


Started GET "/" for ::1 at 2023-08-24 09:51:50 -0300
Processing by PagesController#home as HTML
  Rendering layout layouts/application.html.erb
  Rendering pages/home.html.erb within layouts/application
  Rendered pages/home.html.erb within layouts/application (Duration: 0.5ms | Allocations: 370)
  Rendered layout layouts/application.html.erb (Duration: 58.1ms | Allocations: 60022)
Completed 200 OK in 64ms (Views: 59.8ms | ActiveRecord: 0.0ms | Allocations: 64152)


Started GET "/" for ::1 at 2023-08-24 09:54:40 -0300
Processing by PagesController#home as HTML
  Rendering layout layouts/application.html.erb
  Rendering pages/home.html.erb within layouts/application
  Rendered pages/home.html.erb within layouts/application (Duration: 0.3ms | Allocations: 370)
  Rendered layout layouts/application.html.erb (Duration: 3760.0ms | Allocations: 197208)
Completed 200 OK in 3764ms (Views: 3761.2ms | ActiveRecord: 0.0ms | Allocations: 201338)


Started GET "/" for ::1 at 2023-08-24 09:58:06 -0300
Processing by PagesController#home as HTML
  Rendering layout layouts/application.html.erb
  Rendering pages/home.html.erb within layouts/application
  Rendered pages/home.html.erb within layouts/application (Duration: 0.3ms | Allocations: 397)
  Rendered layout layouts/application.html.erb (Duration: 31.3ms | Allocations: 60202)
Completed 200 OK in 35ms (Views: 32.4ms | ActiveRecord: 0.0ms | Allocations: 64478)


Started GET "/" for ::1 at 2023-08-24 09:58:32 -0300
Processing by PagesController#home as HTML
  Rendering layout layouts/application.html.erb
  Rendering pages/home.html.erb within layouts/application
  Rendered pages/home.html.erb within layouts/application (Duration: 0.5ms | Allocations: 188)
  Rendered layout layouts/application.html.erb (Duration: 12.5ms | Allocations: 9052)
Completed 200 OK in 15ms (Views: 14.3ms | ActiveRecord: 0.0ms | Allocations: 10013)


Started GET "/" for ::1 at 2023-08-24 10:05:21 -0300
Processing by PagesController#home as HTML
  Rendering layout layouts/application.html.erb
  Rendering pages/home.html.erb within layouts/application
  Rendered pages/home.html.erb within layouts/application (Duration: 0.4ms | Allocations: 399)
  Rendered layout layouts/application.html.erb (Duration: 15.1ms | Allocations: 7424)
Completed 500 Internal Server Error in 21ms (ActiveRecord: 0.0ms | Allocations: 11534)


  
ActionView::Template::Error (Error: File to import not found or unreadable: bootstrap/scss/bootstrap.
        on line 7:1 of app/assets/stylesheets/application.scss
>> @import "bootstrap/scss/bootstrap";

   ^
):
     6:     <%= csrf_meta_tags %>
     7:     <%= csp_meta_tag %>
     8: 
     9:     <%= stylesheet_link_tag "application", "data-turbo-track": "reload" %>
    10:     <%= javascript_importmap_tags %>
    11:   </head>
    12: 
  
app/assets/stylesheets/application.scss:7
app/views/layouts/application.html.erb:9
Started GET "/" for ::1 at 2023-08-24 10:05:21 -0300
Processing by PagesController#home as HTML
  Rendering layout layouts/application.html.erb
  Rendering pages/home.html.erb within layouts/application
  Rendered pages/home.html.erb within layouts/application (Duration: 0.0ms | Allocations: 9)
  Rendered layout layouts/application.html.erb (Duration: 4.6ms | Allocations: 8495)
Completed 500 Internal Server Error in 5ms (ActiveRecord: 0.0ms | Allocations: 9379)


  
ActionView::Template::Error (Error: File to import not found or unreadable: bootstrap/scss/bootstrap.
        on line 7:1 of app/assets/stylesheets/application.scss
>> @import "bootstrap/scss/bootstrap";

   ^
):
     6:     <%= csrf_meta_tags %>
     7:     <%= csp_meta_tag %>
     8: 
     9:     <%= stylesheet_link_tag "application", "data-turbo-track": "reload" %>
    10:     <%= javascript_importmap_tags %>
    11:   </head>
    12: 
  
app/assets/stylesheets/application.scss:7
app/views/layouts/application.html.erb:9

NameError: constant WebConsole::SourceLocation not defined

          source_location = SourceLocation.new(binding)
                            ^^^^^^^^^^^^^^
	from /Users/nicolasenne/.rbenv/versions/3.1.2/lib/ruby/gems/3.1.0/gems/web-console-4.2.0/lib/web_console/exception_mapper.rb:51:in `block in guess_the_first_application_binding'
	from /Users/nicolasenne/.rbenv/versions/3.1.2/lib/ruby/gems/3.1.0/gems/web-console-4.2.0/lib/web_console/exception_mapper.rb:50:in `each'
	from /Users/nicolasenne/.rbenv/versions/3.1.2/lib/ruby/gems/3.1.0/gems/web-console-4.2.0/lib/web_console/exception_mapper.rb:50:in `find'
	from /Users/nicolasenne/.rbenv/versions/3.1.2/lib/ruby/gems/3.1.0/gems/web-console-4.2.0/lib/web_console/exception_mapper.rb:50:in `guess_the_first_application_binding'
	from /Users/nicolasenne/.rbenv/versions/3.1.2/lib/ruby/gems/3.1.0/gems/web-console-4.2.0/lib/web_console/exception_mapper.rb:30:in `first'
	from /Users/nicolasenne/.rbenv/versions/3.1.2/lib/ruby/gems/3.1.0/gems/web-console-4.2.0/lib/web_console/session.rb:48:in `initialize'
	from /Users/nicolasenne/.rbenv/versions/3.1.2/lib/ruby/gems/3.1.0/gems/web-console-4.2.0/lib/web_console/session.rb:34:in `new'
	from /Users/nicolasenne/.rbenv/versions/3.1.2/lib/ruby/gems/3.1.0/gems/web-console-4.2.0/lib/web_console/session.rb:34:in `from'
	from /Users/nicolasenne/.rbenv/versions/3.1.2/lib/ruby/gems/3.1.0/gems/web-console-4.2.0/lib/web_console/middleware.rb:30:in `block in call'
	from /Users/nicolasenne/.rbenv/versions/3.1.2/lib/ruby/gems/3.1.0/gems/web-console-4.2.0/lib/web_console/middleware.rb:17:in `catch'
	from /Users/nicolasenne/.rbenv/versions/3.1.2/lib/ruby/gems/3.1.0/gems/web-console-4.2.0/lib/web_console/middleware.rb:17:in `call'
	from /Users/nicolasenne/.rbenv/versions/3.1.2/lib/ruby/gems/3.1.0/gems/actionpack-7.0.7.2/lib/action_dispatch/middleware/show_exceptions.rb:29:in `call'
	from /Users/nicolasenne/.rbenv/versions/3.1.2/lib/ruby/gems/3.1.0/gems/railties-7.0.7.2/lib/rails/rack/logger.rb:40:in `call_app'
	from /Users/nicolasenne/.rbenv/versions/3.1.2/lib/ruby/gems/3.1.0/gems/railties-7.0.7.2/lib/rails/rack/logger.rb:25:in `block in call'
	from /Users/nicolasenne/.rbenv/versions/3.1.2/lib/ruby/gems/3.1.0/gems/activesupport-7.0.7.2/lib/active_support/tagged_logging.rb:99:in `block in tagged'
	from /Users/nicolasenne/.rbenv/versions/3.1.2/lib/ruby/gems/3.1.0/gems/activesupport-7.0.7.2/lib/active_support/tagged_logging.rb:37:in `tagged'
	from /Users/nicolasenne/.rbenv/versions/3.1.2/lib/ruby/gems/3.1.0/gems/activesupport-7.0.7.2/lib/active_support/tagged_logging.rb:99:in `tagged'
	from /Users/nicolasenne/.rbenv/versions/3.1.2/lib/ruby/gems/3.1.0/gems/railties-7.0.7.2/lib/rails/rack/logger.rb:25:in `call'
	from /Users/nicolasenne/.rbenv/versions/3.1.2/lib/ruby/gems/3.1.0/gems/sprockets-rails-3.4.2/lib/sprockets/rails/quiet_assets.rb:13:in `call'
	from /Users/nicolasenne/.rbenv/versions/3.1.2/lib/ruby/gems/3.1.0/gems/actionpack-7.0.7.2/lib/action_dispatch/middleware/remote_ip.rb:93:in `call'
	from /Users/nicolasenne/.rbenv/versions/3.1.2/lib/ruby/gems/3.1.0/gems/actionpack-7.0.7.2/lib/action_dispatch/middleware/request_id.rb:26:in `call'
	from /Users/nicolasenne/.rbenv/versions/3.1.2/lib/ruby/gems/3.1.0/gems/rack-2.2.8/lib/rack/method_override.rb:24:in `call'
	from /Users/nicolasenne/.rbenv/versions/3.1.2/lib/ruby/gems/3.1.0/gems/rack-2.2.8/lib/rack/runtime.rb:22:in `call'
	from /Users/nicolasenne/.rbenv/versions/3.1.2/lib/ruby/gems/3.1.0/gems/activesupport-7.0.7.2/lib/active_support/cache/strategy/local_cache_middleware.rb:29:in `call'
	from /Users/nicolasenne/.rbenv/versions/3.1.2/lib/ruby/gems/3.1.0/gems/actionpack-7.0.7.2/lib/action_dispatch/middleware/server_timing.rb:61:in `block in call'
	from /Users/nicolasenne/.rbenv/versions/3.1.2/lib/ruby/gems/3.1.0/gems/actionpack-7.0.7.2/lib/action_dispatch/middleware/server_timing.rb:26:in `collect_events'
	from /Users/nicolasenne/.rbenv/versions/3.1.2/lib/ruby/gems/3.1.0/gems/actionpack-7.0.7.2/lib/action_dispatch/middleware/server_timing.rb:60:in `call'
	from /Users/nicolasenne/.rbenv/versions/3.1.2/lib/ruby/gems/3.1.0/gems/actionpack-7.0.7.2/lib/action_dispatch/middleware/executor.rb:14:in `call'
	from /Users/nicolasenne/.rbenv/versions/3.1.2/lib/ruby/gems/3.1.0/gems/actionpack-7.0.7.2/lib/action_dispatch/middleware/static.rb:23:in `call'
	from /Users/nicolasenne/.rbenv/versions/3.1.2/lib/ruby/gems/3.1.0/gems/rack-2.2.8/lib/rack/sendfile.rb:110:in `call'
	from /Users/nicolasenne/.rbenv/versions/3.1.2/lib/ruby/gems/3.1.0/gems/actionpack-7.0.7.2/lib/action_dispatch/middleware/host_authorization.rb:137:in `call'
	from /Users/nicolasenne/.rbenv/versions/3.1.2/lib/ruby/gems/3.1.0/gems/railties-7.0.7.2/lib/rails/engine.rb:530:in `call'
	from /Users/nicolasenne/.rbenv/versions/3.1.2/lib/ruby/gems/3.1.0/gems/puma-5.6.7/lib/puma/configuration.rb:252:in `call'
	from /Users/nicolasenne/.rbenv/versions/3.1.2/lib/ruby/gems/3.1.0/gems/puma-5.6.7/lib/puma/request.rb:77:in `block in handle_request'
	from /Users/nicolasenne/.rbenv/versions/3.1.2/lib/ruby/gems/3.1.0/gems/puma-5.6.7/lib/puma/thread_pool.rb:340:in `with_force_shutdown'
	from /Users/nicolasenne/.rbenv/versions/3.1.2/lib/ruby/gems/3.1.0/gems/puma-5.6.7/lib/puma/request.rb:76:in `handle_request'
	from /Users/nicolasenne/.rbenv/versions/3.1.2/lib/ruby/gems/3.1.0/gems/puma-5.6.7/lib/puma/server.rb:443:in `process_client'
	from /Users/nicolasenne/.rbenv/versions/3.1.2/lib/ruby/gems/3.1.0/gems/puma-5.6.7/lib/puma/thread_pool.rb:147:in `block in spawn_thread'
Started GET "/" for ::1 at 2023-08-24 10:05:24 -0300
Processing by PagesController#home as HTML
  Rendering layout layouts/application.html.erb
  Rendering pages/home.html.erb within layouts/application
  Rendered pages/home.html.erb within layouts/application (Duration: 0.0ms | Allocations: 7)
  Rendered layout layouts/application.html.erb (Duration: 7.1ms | Allocations: 3394)
Completed 500 Internal Server Error in 8ms (ActiveRecord: 0.0ms | Allocations: 3661)


  
ActionView::Template::Error (Error: File to import not found or unreadable: bootstrap/scss/bootstrap.
        on line 7:1 of app/assets/stylesheets/application.scss
>> @import "bootstrap/scss/bootstrap";

   ^
):
     6:     <%= csrf_meta_tags %>
     7:     <%= csp_meta_tag %>
     8: 
     9:     <%= stylesheet_link_tag "application", "data-turbo-track": "reload" %>
    10:     <%= javascript_importmap_tags %>
    11:   </head>
    12: 
  
app/assets/stylesheets/application.scss:7
app/views/layouts/application.html.erb:9
Started GET "/" for ::1 at 2023-08-24 10:05:39 -0300
Processing by PagesController#home as HTML
  Rendering layout layouts/application.html.erb
  Rendering pages/home.html.erb within layouts/application
  Rendered pages/home.html.erb within layouts/application (Duration: 0.1ms | Allocations: 7)
  Rendered layout layouts/application.html.erb (Duration: 3383.0ms | Allocations: 137318)
Completed 200 OK in 3385ms (Views: 3384.0ms | ActiveRecord: 0.0ms | Allocations: 137629)


Started GET "/" for ::1 at 2023-08-24 10:08:25 -0300
Processing by PagesController#home as HTML
  Rendering layout layouts/application.html.erb
  Rendering pages/home.html.erb within layouts/application
  Rendered pages/home.html.erb within layouts/application (Duration: 0.8ms | Allocations: 134)
  Rendered layout layouts/application.html.erb (Duration: 3297.3ms | Allocations: 76754)
Completed 200 OK in 3302ms (Views: 3300.4ms | ActiveRecord: 0.0ms | Allocations: 77655)


Started GET "/" for ::1 at 2023-08-24 10:10:13 -0300
Processing by PagesController#home as HTML
  Rendering layout layouts/application.html.erb
  Rendering pages/home.html.erb within layouts/application
  Rendered pages/home.html.erb within layouts/application (Duration: 63.2ms | Allocations: 49179)
  Rendered layout layouts/application.html.erb (Duration: 69.8ms | Allocations: 58229)
Completed 200 OK in 75ms (Views: 73.3ms | ActiveRecord: 0.0ms | Allocations: 59163)


Started GET "/" for ::1 at 2023-08-24 10:10:38 -0300
Processing by PagesController#home as HTML
  Rendering layout layouts/application.html.erb
  Rendering pages/home.html.erb within layouts/application
  Rendered pages/home.html.erb within layouts/application (Duration: 2.4ms | Allocations: 904)
  Rendered layout layouts/application.html.erb (Duration: 14.3ms | Allocations: 9945)
Completed 200 OK in 17ms (Views: 16.1ms | ActiveRecord: 0.0ms | Allocations: 10869)


Started GET "/" for ::1 at 2023-08-24 10:10:45 -0300
Processing by PagesController#home as HTML
  Rendering layout layouts/application.html.erb
  Rendering pages/home.html.erb within layouts/application
  Rendered pages/home.html.erb within layouts/application (Duration: 2.9ms | Allocations: 901)
  Rendered layout layouts/application.html.erb (Duration: 23.1ms | Allocations: 10072)
Completed 200 OK in 28ms (Views: 26.1ms | ActiveRecord: 0.0ms | Allocations: 11000)


Started GET "/" for ::1 at 2023-08-24 10:12:52 -0300
Processing by PagesController#home as HTML
  Rendering layout layouts/application.html.erb
  Rendering pages/home.html.erb within layouts/application
  Rendered pages/home.html.erb within layouts/application (Duration: 2.8ms | Allocations: 908)
  Rendered layout layouts/application.html.erb (Duration: 3241.2ms | Allocations: 80236)
Completed 200 OK in 3245ms (Views: 3243.7ms | ActiveRecord: 0.0ms | Allocations: 81164)


Started GET "/" for ::1 at 2023-08-24 10:15:45 -0300
Processing by PagesController#home as HTML
  Rendering layout layouts/application.html.erb
  Rendering pages/home.html.erb within layouts/application
  Rendered pages/home.html.erb within layouts/application (Duration: 1.9ms | Allocations: 910)
  Rendered layout layouts/application.html.erb (Duration: 16.6ms | Allocations: 10146)
Completed 200 OK in 21ms (Views: 19.5ms | ActiveRecord: 0.0ms | Allocations: 11074)


Started GET "/" for ::1 at 2023-08-24 10:18:33 -0300
Processing by PagesController#home as HTML
  Rendering layout layouts/application.html.erb
  Rendering pages/home.html.erb within layouts/application
  Rendered pages/home.html.erb within layouts/application (Duration: 7.3ms | Allocations: 2383)
  Rendered layout layouts/application.html.erb (Duration: 7.5ms | Allocations: 2471)
Completed 500 Internal Server Error in 11ms (ActiveRecord: 0.0ms | Allocations: 3367)


  
ActionView::Template::Error (The asset "logo.jpg" is not present in the asset pipeline.
):
     6:     Breakfast
     7:   </div>
     8: 
     9:   <%= image_tag "logo.jpg", alt: "Le Wagon", width: 200 %>
    10: 
    11:   <div class="logo">
    12:   <p>Hello!</p>
  
app/views/pages/home.html.erb:9
Started GET "/" for ::1 at 2023-08-24 10:18:42 -0300
Processing by PagesController#home as HTML
  Rendering layout layouts/application.html.erb
  Rendering pages/home.html.erb within layouts/application
  Rendered pages/home.html.erb within layouts/application (Duration: 3.4ms | Allocations: 910)
  Rendered layout layouts/application.html.erb (Duration: 17.7ms | Allocations: 10363)
Completed 200 OK in 21ms (Views: 19.9ms | ActiveRecord: 0.0ms | Allocations: 11279)


